<?xml version="1.0" encoding="utf-8"?>
<assemblies timestamp="09/17/2019 16:13:01">
  <assembly name="C:\Dev\healthgateway\apps\HNClient\test\unit\bin\Debug\netcoreapp2.2\HNClientTests.dll" run-date="2019-09-17" run-time="16:13:01" total="2" passed="2" failed="0" skipped="0" time="10.270" errors="0">
    <errors />
    <collection total="2" passed="2" failed="0" skipped="0" name="Test collection for HealthGateway.HNClient.Test.HNClientDelegate_Test" time="10.270">
      <test name="HealthGateway.HNClient.Test.HNClientDelegate_Test.SendReceive_NotAvailable_Test" type="HealthGateway.HNClient.Test.HNClientDelegate_Test" method="SendReceive_NotAvailable_Test" time="10.2430000" result="Pass">
        <traits />
      </test>
      <test name="HealthGateway.HNClient.Test.HNClientDelegate_Test.SendReceive_Happy_Test" type="HealthGateway.HNClient.Test.HNClientDelegate_Test" method="SendReceive_Happy_Test" time="0.0270000" result="Pass">
        <traits />
      </test>
    </collection>
  </assembly>
</assemblies>